<?xml version="1.0" encoding="UTF-8"?>
<testsuite xmlns:xsi="http://www.w3.org/2001/XMLSchema-instance" xsi:noNamespaceSchemaLocation="https://maven.apache.org/surefire/maven-surefire-plugin/xsd/surefire-test-report.xsd" version="3.0.2" name="com.gildedrose.GildedRoseTest" time="0.03" tests="18" errors="0" skipped="0" failures="0" flakes="0">
  <properties>
[...]
</properties>
  <testcase name="backstagePasses_MoreThan10Days_IncreasesQualityByOne" classname="com.gildedrose.GildedRoseTest" time="0.01"/>
  <testcase name="agedBrie_QualityNeverMoreThan50_OnSellDate" classname="com.gildedrose.GildedRoseTest" time="0.001"/>
  <testcase name="normalItem_QualityNeverNegative" classname="com.gildedrose.GildedRoseTest" time="0.0"/>
  <testcase name="backstagePasses_10DaysOrLess_IncreasesQualityByTwo" classname="com.gildedrose.GildedRoseTest" time="0.0"/>
  <testcase name="backstagePasses_AfterConcert_QualityDropsToZero" classname="com.gildedrose.GildedRoseTest" time="0.001"/>
  <testcase name="backstagePasses_5DaysOrLess_IncreasesQualityByThree" classname="com.gildedrose.GildedRoseTest" time="0.001"/>
  <testcase name="agedBrie_OnSellDate_IncreasesQualityByTwo" classname="com.gildedrose.GildedRoseTest" time="0.0"/>
  <testcase name="normalItem_BeforeSellDate_DecreasesQualityAndSellIn" classname="com.gildedrose.GildedRoseTest" time="0.0"/>
  <testcase name="backstagePasses_QualityNeverMoreThan50" classname="com.gildedrose.GildedRoseTest" time="0.0"/>
  <testcase name="backstagePasses_5DaysOrLess_QualityCapped" classname="com.gildedrose.GildedRoseTest" time="0.001"/>
  <testcase name="sulfuras_NeverChanges_BeforeSellDate" classname="com.gildedrose.GildedRoseTest" time="0.0"/>
  <testcase name="fooNameStaysSame" classname="com.gildedrose.GildedRoseTest" time="0.0"/>
  <testcase name="normalItem_OnSellDate_DecreasesQualityByTwo" classname="com.gildedrose.GildedRoseTest" time="0.0"/>
  <testcase name="agedBrie_QualityNeverMoreThan50" classname="com.gildedrose.GildedRoseTest" time="0.0"/>
  <testcase name="agedBrie_BeforeSellDate_IncreasesQuality" classname="com.gildedrose.GildedRoseTest" time="0.001"/>
  <testcase name="backstagePasses_10DaysOrLess_QualityCapped" classname="com.gildedrose.GildedRoseTest" time="0.0"/>
  <testcase name="normalItem_OnSellDate_QualityZero_DoesNotGoBelowZero" classname="com.gildedrose.GildedRoseTest" time="0.0"/>
  <testcase name="sulfuras_NeverChanges_OnSellDate" classname="com.gildedrose.GildedRoseTest" time="0.0"/>
</testsuite>